TN:
SF:src/modules/order/services/order.service.ts
FN:13,(anonymous_13)
FN:14,OrderService
FN:22,(anonymous_15)
FN:40,(anonymous_18)
FN:43,(anonymous_19)
FN:74,(anonymous_20)
FN:78,(anonymous_21)
FN:82,(anonymous_22)
FN:92,(anonymous_23)
FN:107,(anonymous_26)
FNF:10
FNH:10
FNDA:1,(anonymous_13)
FNDA:3,OrderService
FNDA:1,(anonymous_15)
FNDA:2,(anonymous_18)
FNDA:2,(anonymous_19)
FNDA:2,(anonymous_20)
FNDA:2,(anonymous_21)
FNDA:3,(anonymous_22)
FNDA:1,(anonymous_23)
FNDA:5,(anonymous_26)
DA:13,1
DA:15,3
DA:16,3
DA:17,3
DA:18,3
DA:19,3
DA:22,1
DA:27,1
DA:28,1
DA:29,1
DA:30,0
DA:33,1
DA:34,1
DA:35,2
DA:38,1
DA:40,1
DA:41,2
DA:43,1
DA:44,2
DA:45,0
DA:48,2
DA:49,0
DA:55,1
DA:60,1
DA:61,2
DA:62,2
DA:67,1
DA:71,1
DA:74,2
DA:78,1
DA:82,3
DA:83,2
DA:84,2
DA:92,1
DA:96,1
DA:98,1
DA:99,1
DA:104,1
DA:107,1
DA:111,5
DA:112,0
DA:114,5
DA:115,5
DA:117,5
DA:119,1
LF:45
LH:41
BRDA:29,0,0,0
BRDA:29,0,1,1
BRDA:44,1,0,0
BRDA:44,1,1,2
BRDA:48,2,0,0
BRDA:48,2,1,2
BRDA:72,3,0,0
BRDA:72,3,1,1
BRDA:111,4,0,0
BRDA:111,4,1,5
BRF:10
BRH:5
end_of_record
