TN:
SF:src/modules/order/services/order.service.ts
FN:13,(anonymous_13)
FN:14,OrderService
FN:22,(anonymous_15)
FN:40,(anonymous_18)
FN:43,(anonymous_19)
FN:73,(anonymous_20)
FN:77,(anonymous_21)
FN:81,(anonymous_22)
FN:91,(anonymous_23)
FN:106,(anonymous_26)
FNF:10
FNH:10
FNDA:1,(anonymous_13)
FNDA:3,OrderService
FNDA:1,(anonymous_15)
FNDA:2,(anonymous_18)
FNDA:2,(anonymous_19)
FNDA:2,(anonymous_20)
FNDA:2,(anonymous_21)
FNDA:3,(anonymous_22)
FNDA:1,(anonymous_23)
FNDA:5,(anonymous_26)
DA:13,1
DA:15,3
DA:16,3
DA:17,3
DA:18,3
DA:19,3
DA:22,1
DA:27,1
DA:28,1
DA:29,1
DA:30,0
DA:33,1
DA:34,1
DA:35,2
DA:38,1
DA:40,1
DA:41,2
DA:43,1
DA:44,2
DA:45,0
DA:47,2
DA:48,0
DA:54,1
DA:59,1
DA:60,2
DA:61,2
DA:66,1
DA:70,1
DA:73,2
DA:77,1
DA:81,3
DA:82,2
DA:83,2
DA:91,1
DA:95,1
DA:97,1
DA:98,1
DA:103,1
DA:106,1
DA:110,5
DA:111,0
DA:113,5
DA:114,5
DA:116,5
DA:118,1
LF:45
LH:41
BRDA:29,0,0,0
BRDA:29,0,1,1
BRDA:44,1,0,0
BRDA:44,1,1,2
BRDA:47,2,0,0
BRDA:47,2,1,2
BRDA:71,3,0,0
BRDA:71,3,1,1
BRDA:110,4,0,0
BRDA:110,4,1,5
BRF:10
BRH:5
end_of_record
